0 info it worked if it ends with ok
1 verbose cli [ '/Users/sowderca/.nvm/versions/node/v6.0.0/bin/node',
1 verbose cli   '/Users/sowderca/.nvm/versions/node/v6.0.0/bin/npm',
1 verbose cli   'publish' ]
2 info using npm@3.8.6
3 info using node@v6.0.0
4 verbose publish [ '.' ]
5 silly cache add args [ '.', null ]
6 verbose cache add spec .
7 silly cache add parsed spec Result {
7 silly cache add   raw: '.',
7 silly cache add   scope: null,
7 silly cache add   name: null,
7 silly cache add   rawSpec: '.',
7 silly cache add   spec: '/Users/sowderca/Devwork/Vc3/connectwise-rest-api',
7 silly cache add   type: 'directory' }
8 verbose addLocalDirectory /Users/sowderca/.npm/connectwise-rest-api/0.0.5/package.tgz not in flight; packing
9 verbose correctMkdir /Users/sowderca/.npm correctMkdir not in flight; initializing
10 info lifecycle connectwise-rest-api@0.0.5~prepublish: connectwise-rest-api@0.0.5
11 verbose lifecycle connectwise-rest-api@0.0.5~prepublish: unsafe-perm in lifecycle true
12 verbose lifecycle connectwise-rest-api@0.0.5~prepublish: PATH: /Users/sowderca/.nvm/versions/node/v6.0.0/lib/node_modules/npm/bin/node-gyp-bin:/Users/sowderca/Devwork/Vc3/connectwise-rest-api/node_modules/.bin:/Users/sowderca/.nvm/versions/node/v6.0.0/bin:/Users/sowderca/.dnx/runtimes/dnx-mono.1.0.0-rc1-update2/bin:/Users/sowderca/.dnx/bin:/Users/sowderca/.nvm/versions/node/v6.0.0/bin:/Users/sowderca/.rbenv/shims:/Users/sowderca/.rbenv/bin:/usr/local/share/dotnet/bin:/usr/local/bin:/usr/bin:/bin:/usr/sbin:/sbin:/usr/local/go/bin:/Users/sowderca/Devwork/Workspace/bin:/Users/sowderca/.fzf/bin
13 verbose lifecycle connectwise-rest-api@0.0.5~prepublish: CWD: /Users/sowderca/Devwork/Vc3/connectwise-rest-api
14 silly lifecycle connectwise-rest-api@0.0.5~prepublish: Args: [ '-c', 'publish-please guard' ]
15 info lifecycle connectwise-rest-api@0.0.5~prepublish: Failed to exec prepublish script
16 error addLocal Could not install /Users/sowderca/Devwork/Vc3/connectwise-rest-api
17 verbose stack Error: connectwise-rest-api@0.0.5 prepublish: `publish-please guard`
17 verbose stack spawn ENOENT
17 verbose stack     at ChildProcess.<anonymous> (/Users/sowderca/.nvm/versions/node/v6.0.0/lib/node_modules/npm/lib/utils/spawn.js:17:16)
17 verbose stack     at emitTwo (events.js:106:13)
17 verbose stack     at ChildProcess.emit (events.js:191:7)
17 verbose stack     at maybeClose (internal/child_process.js:850:16)
17 verbose stack     at Process.ChildProcess._handle.onexit (internal/child_process.js:215:5)
18 verbose pkgid connectwise-rest-api@0.0.5
19 verbose cwd /Users/sowderca/Devwork/Vc3/connectwise-rest-api
20 error Darwin 15.4.0
21 error argv "/Users/sowderca/.nvm/versions/node/v6.0.0/bin/node" "/Users/sowderca/.nvm/versions/node/v6.0.0/bin/npm" "publish"
22 error node v6.0.0
23 error npm  v3.8.6
24 error file sh
25 error code ELIFECYCLE
26 error errno ENOENT
27 error syscall spawn
28 error connectwise-rest-api@0.0.5 prepublish: `publish-please guard`
28 error spawn ENOENT
29 error Failed at the connectwise-rest-api@0.0.5 prepublish script 'publish-please guard'.
29 error Make sure you have the latest version of node.js and npm installed.
29 error If you do, this is most likely a problem with the connectwise-rest-api package,
29 error not with npm itself.
29 error Tell the author that this fails on your system:
29 error     publish-please guard
29 error You can get information on how to open an issue for this project with:
29 error     npm bugs connectwise-rest-api
29 error Or if that isn't available, you can get their info via:
29 error     npm owner ls connectwise-rest-api
29 error There is likely additional logging output above.
30 verbose exit [ 1, true ]
